<?xml version="1.0" encoding="UTF-8" ?>
<testsuites>
  <testsuite errors="1" failures="0" hostname="DESKTOP-IP5BFIH" id="0" name="SuiteTest" package="calculator_zr" skipped="1" tests="9" time="1.063" timestamp="2020-08-02T08:38:28">
      <properties>
          <property name="java.vendor" value="Oracle Corporation" />

          <property name="env.MOZ_PLUGIN_PATH" value="C:\Program Files (x86)\Foxit Software\Foxit Reader\plugins\" />

          <property name="env.USERDOMAIN_ROAMINGPROFILE" value="DESKTOP-IP5BFIH" />

          <property name="env.VS90COMNTOOLS" value="C:\Program Files (x86)\Microsoft Visual Studio 9.0\Common7\Tools\" />

          <property name="sun.java.launcher" value="SUN_STANDARD" />

          <property name="eclipse.pdebuild.templates" value="/F:/zr/软件安装包/eclipse/plugins/org.eclipse.pde.build_3.9.200.v20160204-0642/templates/" />

          <property name="sun.management.compiler" value="HotSpot 64-Bit Tiered Compilers" />

          <property name="env.CURR_DIR" value="C:\Program Files (x86)\HP\LoadRunner\dat\Setup\LoadRunner\MSBuild\..\..\..\.." />

          <property name="env.PROMPT" value="$P$G" />

          <property name="os.name" value="Windows 8.1" />

          <property name="sun.boot.class.path" value="C:\Program Files\Java\jdk1.8.0_51\jre\lib\resources.jar;C:\Program Files\Java\jdk1.8.0_51\jre\lib\rt.jar;C:\Program Files\Java\jdk1.8.0_51\jre\lib\sunrsasign.jar;C:\Program Files\Java\jdk1.8.0_51\jre\lib\jsse.jar;C:\Program Files\Java\jdk1.8.0_51\jre\lib\jce.jar;C:\Program Files\Java\jdk1.8.0_51\jre\lib\charsets.jar;C:\Program Files\Java\jdk1.8.0_51\jre\lib\jfr.jar;C:\Program Files\Java\jdk1.8.0_51\jre\classes" />

          <property name="env.COMPUTERNAME" value="DESKTOP-IP5BFIH" />

          <property name="env.CommonProgramW6432" value="C:\Program Files\Common Files" />

          <property name="env.ALLUSERSPROFILE" value="C:\ProgramData" />

          <property name="sun.desktop" value="windows" />

          <property name="env.lnkenv" value="E:\Program Files (x86)\360se6\Application\360se.exe" />

          <property name="java.vm.specification.vendor" value="Oracle Corporation" />

          <property name="ant.home" value="F:\zr\软件安装包\eclipse\plugins\org.apache.ant_1.9.6.v201510161327" />

          <property name="java.runtime.version" value="1.8.0_51-b16" />

          <property name="env.HOMEPATH" value="\Users\Accelerator" />

          <property name="env.ARC_DATADIR" value="C:\Program Files (x86)\AltaRica\data" />

          <property name="user.name" value="Accelerator" />

          <property name="ant.file.junit_zr" value="F:\Eclispe\junit_zr\build.xml" />

          <property name="user.language" value="zh" />

          <property name="sun.boot.library.path" value="C:\Program Files\Java\jdk1.8.0_51\jre\bin" />

          <property name="env.LR_PATH" value="C:\Program Files (x86)\HP\LoadRunner\" />

          <property name="ant.project.default-target" value="build" />

          <property name="ant.project.name" value="junit_zr" />

          <property name="java.version" value="1.8.0_51" />

          <property name="env.PROCESSOR_IDENTIFIER" value="Intel64 Family 6 Model 42 Stepping 7, GenuineIntel" />

          <property name="user.timezone" value="Asia/Shanghai" />

          <property name="env.TEMP" value="C:\Users\ACCELE~1\AppData\Local\Temp" />

          <property name="sun.arch.data.model" value="64" />

          <property name="java.endorsed.dirs" value="C:\Program Files\Java\jdk1.8.0_51\jre\lib\endorsed" />

          <property name="sun.cpu.isalist" value="amd64" />

          <property name="env.HOMEDRIVE" value="C:" />

          <property name="sun.jnu.encoding" value="GBK" />

          <property name="file.encoding.pkg" value="sun.io" />

          <property name="ECLIPSE_HOME" value="../../zr/软件安装包/eclipse/" />

          <property name="file.separator" value="\" />

          <property name="java.specification.name" value="Java Platform API Specification" />

          <property name="java.class.version" value="52.0" />

          <property name="user.country" value="CN" />

          <property name="java.home" value="C:\Program Files\Java\jdk1.8.0_51\jre" />

          <property name="env.PSModulePath" value="C:\WINDOWS\system32\WindowsPowerShell\v1.0\Modules\" />

          <property name="env.APPDATA" value="C:\Users\Accelerator\AppData\Roaming" />

          <property name="env.PUBLIC" value="C:\Users\Public" />

          <property name="java.vm.info" value="mixed mode" />

          <property name="env.ComSpec" value="C:\WINDOWS\system32\cmd.exe" />

          <property name="env.OS" value="Windows_NT" />

          <property name="env.CommonProgramFiles" value="C:\Program Files\Common Files" />

          <property name="ant.file" value="F:\Eclispe\junit_zr\build.xml" />

          <property name="os.version" value="6.3" />

          <property name="env.ProgramW6432" value="C:\Program Files" />

          <property name="path.separator" value=";" />

          <property name="java.vm.version" value="25.51-b03" />

          <property name="env.VUGEN_PATH" value="C:\Program Files (x86)\HP\LoadRunner\" />

          <property name="env.USERPROFILE" value="C:\Users\Accelerator" />

          <property name="user.variant" value="" />

          <property name="ant.library.dir" value="F:\zr\软件安装包\eclipse\plugins\org.apache.ant_1.9.6.v201510161327\lib" />

          <property name="junit.output.dir" value="junitreport" />

          <property name="env.JAVA_HOME" value="C:\Program Files\Java\jdk1.8.0_51" />

          <property name="java.awt.printerjob" value="sun.awt.windows.WPrinterJob" />

          <property name="env.TERM" value="dumb" />

          <property name="env.TMP" value="C:\Users\ACCELE~1\AppData\Local\Temp" />

          <property name="env.FPS_BROWSER_USER_PROFILE_STRING" value="Default" />

          <property name="sun.io.unicode.encoding" value="UnicodeLittle" />

          <property name="env.LG_PATH" value="C:\Program Files (x86)\HP\LoadRunner\" />

          <property name="awt.toolkit" value="sun.awt.windows.WToolkit" />

          <property name="user.script" value="" />

          <property name="eclipse.pdebuild.scripts" value="/F:/zr/软件安装包/eclipse/plugins/org.eclipse.pde.build_3.9.200.v20160204-0642/scripts/" />

          <property name="target" value="1.8" />

          <property name="env.FTP_PASSIVE" value="1" />

          <property name="user.home" value="C:\Users\Accelerator" />

          <property name="env.ProgramData" value="C:\ProgramData" />

          <property name="env.SESSIONNAME" value="Console" />

          <property name="env.ProgramFiles(x86)" value="C:\Program Files (x86)" />

          <property name="java.specification.vendor" value="Oracle Corporation" />

          <property name="env.CLASSPATH" value=".;C:\Program Files\Java\jdk1.8.0_51\lib;C:\Program Files\Java\jdk1.8.0_51\lib\tools.jar" />

          <property name="java.library.path" value="C:\Program Files\Java\jdk1.8.0_51\jre\bin;C:\WINDOWS\Sun\Java\bin;C:\WINDOWS\system32;C:\WINDOWS;C:/Program Files/Java/jdk1.8.0_51/bin/../jre/bin/server;C:/Program Files/Java/jdk1.8.0_51/bin/../jre/bin;C:/Program Files/Java/jdk1.8.0_51/bin/../jre/lib/amd64;d:\app\Accelerator\product\11.2.0\client_1\bin;C:\WINDOWS\system32;C:\WINDOWS;C:\WINDOWS\System32\Wbem;C:\WINDOWS\System32\WindowsPowerShell\v1.0\;C:\Program Files (x86)\Microsoft SQL Server\90\Tools\binn\;C:\Program Files\TortoiseSVN\bin;C:\Program Files (x86)\MATLAB\MATLAB Compiler Runtime\v81\runtime\win32;C:\Python27;C:\strawberry\c\bin;C:\strawberry\perl\bin;E:\MatlabR2018b\runtime\win64;E:\MatlabR2018b\bin;C:\Users\Accelerator\AppData\Roaming\cabal\bin;D:\haskell\bin;C:\Tcl\bin;C:\Program Files\Java\jdk1.8.0_51\bin;C:\Program Files\Java\jdk1.8.0_51\jre\bin;D:\maven\apache-maven-3.3.3\bin;d:\app\Accelerator\product\11.2.0\client_1\bin;C:\WINDOWS\system32;C:\WINDOWS;C:\WINDOWS\System32\Wbem;C:\WINDOWS\System32\WindowsPowerShell\v1.0\;C:\Program Files (x86)\Microsoft SQL Server\90\Tools\binn\;C:\Program Files\TortoiseSVN\bin;C:\Program Files (x86)\MATLAB\MATLAB Compiler Runtime\v81\runtime\win32;C:\Python27;C:\strawberry\c\bin;C:\strawberry\perl\bin;E:\MatlabR2018b\runtime\win64;E:\MatlabR2018b\bin;C:\Users\Accelerator\AppData\Local\Microsoft\WindowsApps;F:\zr\软件安装包\eclipse;;." />

          <property name="env.NUMBER_OF_PROCESSORS" value="8" />

          <property name="java.vendor.url" value="http://java.oracle.com/" />

          <property name="env.LR_ROOT" value="C:\Program Files (x86)\HP\LoadRunner\" />

          <property name="java.vm.vendor" value="Oracle Corporation" />

          <property name="java.runtime.name" value="Java(TM) SE Runtime Environment" />

          <property name="ant.version" value="Apache Ant(TM) version 1.9.6 compiled on June 29 2015" />

          <property name="java.class.path" value="F:\Eclispe\junit_zr\bin;F:\zr\软件安装包\eclipse\plugins\org.junit_4.12.0.v201504281640\junit.jar;F:\zr\软件安装包\eclipse\plugins\org.hamcrest.core_1.3.0.v201303031735.jar;F:\Eclispe\junit_zr;C:\Program Files\Java\jdk1.8.0_51\lib;C:\Program Files\Java\jdk1.8.0_51\lib\tools.jar;F:\zr\软件安装包\eclipse\plugins\org.apache.ant_1.9.6.v201510161327\lib\ant-launcher.jar;F:\zr\软件安装包\eclipse\plugins\org.apache.ant_1.9.6.v201510161327\lib\ant.jar;F:\zr\软件安装包\eclipse\plugins\org.apache.ant_1.9.6.v201510161327\lib\ant-junit.jar;F:\zr\软件安装包\eclipse\plugins\org.apache.ant_1.9.6.v201510161327\lib\ant-junit4.jar" />

          <property name="sun.java.command" value="org.apache.tools.ant.taskdefs.optional.junit.JUnitTestRunner calculator_zr.SuiteTest skipNonTests=false filtertrace=true haltOnError=false haltOnFailure=false formatter=org.apache.tools.ant.taskdefs.optional.junit.OutErrSummaryJUnitResultFormatter showoutput=false outputtoformatters=true logfailedtests=true threadid=0 logtestlistenerevents=false formatter=org.apache.tools.ant.taskdefs.optional.junit.XMLJUnitResultFormatter,F:\Eclispe\junit_zr\junitreport\TEST-calculator_zr.SuiteTest.xml crashfile=F:\Eclispe\junit_zr\junitvmwatcher7673008994686081902.properties propsfile=F:\Eclispe\junit_zr\junit6408519784495333416.properties" />

          <property name="java.vm.specification.name" value="Java Virtual Machine Specification" />

          <property name="env.windir" value="C:\WINDOWS" />

          <property name="env.LOGONSERVER" value="\\DESKTOP-IP5BFIH" />

          <property name="env.PROCESSOR_ARCHITECTURE" value="AMD64" />

          <property name="java.vm.specification.version" value="1.8" />

          <property name="env.LOGGER_CONFIG_PATH" value="C:\Program Files (x86)\HP\LoadRunner\dat\ltlogconf.xml" />

          <property name="sun.os.patch.level" value="" />

          <property name="sun.cpu.endian" value="little" />

          <property name="debuglevel" value="source,lines,vars" />

          <property name="env.OneDrive" value="C:\Users\Accelerator\OneDrive" />

          <property name="env.ProgramFiles" value="C:\Program Files" />

          <property name="env.ANT_HOME" value="F:\zr\软件安装包\eclipse\plugins\org.apache.ant_1.9.6.v201510161327" />

          <property name="env.PROCESSOR_REVISION" value="2a07" />

          <property name="eclipse.pdebuild.home" value="/F:/zr/软件安装包/eclipse/plugins/org.eclipse.pde.build_3.9.200.v20160204-0642/./" />

          <property name="java.io.tmpdir" value="C:\Users\ACCELE~1\AppData\Local\Temp\" />

          <property name="env.CommonProgramFiles(x86)" value="C:\Program Files (x86)\Common Files" />

          <property name="env.M3_HOME" value="D:\maven\apache-maven-3.3.3" />

          <property name="java.vendor.url.bug" value="http://bugreport.sun.com/bugreport/" />

          <property name="env.SystemRoot" value="C:\WINDOWS" />

          <property name="env.FPS_BROWSER_APP_PROFILE_STRING" value="Internet Explorer" />

          <property name="java.awt.graphicsenv" value="sun.awt.Win32GraphicsEnvironment" />

          <property name="os.arch" value="amd64" />

          <property name="java.ext.dirs" value="C:\Program Files\Java\jdk1.8.0_51\jre\lib\ext;C:\WINDOWS\Sun\Java\lib\ext" />

          <property name="ant.file.type.junit_zr" value="file" />

          <property name="user.dir" value="F:\Eclispe\junit_zr" />

          <property name="env.LOCALAPPDATA" value="C:\Users\Accelerator\AppData\Local" />

          <property name="line.separator" value="&#xd;&#xa;" />

          <property name="java.vm.name" value="Java HotSpot(TM) 64-Bit Server VM" />

          <property name="env.PATHEXT" value=".COM;.EXE;.BAT;.CMD;.VBS;.VBE;.JS;.JSE;.WSF;.WSH;.MSC" />

          <property name="env.Path" value="C:/Program Files/Java/jdk1.8.0_51/bin/../jre/bin/server;C:/Program Files/Java/jdk1.8.0_51/bin/../jre/bin;C:/Program Files/Java/jdk1.8.0_51/bin/../jre/lib/amd64;d:\app\Accelerator\product\11.2.0\client_1\bin;C:\WINDOWS\system32;C:\WINDOWS;C:\WINDOWS\System32\Wbem;C:\WINDOWS\System32\WindowsPowerShell\v1.0\;C:\Program Files (x86)\Microsoft SQL Server\90\Tools\binn\;C:\Program Files\TortoiseSVN\bin;C:\Program Files (x86)\MATLAB\MATLAB Compiler Runtime\v81\runtime\win32;C:\Python27;C:\strawberry\c\bin;C:\strawberry\perl\bin;E:\MatlabR2018b\runtime\win64;E:\MatlabR2018b\bin;C:\Users\Accelerator\AppData\Roaming\cabal\bin;D:\haskell\bin;C:\Tcl\bin;C:\Program Files\Java\jdk1.8.0_51\bin;C:\Program Files\Java\jdk1.8.0_51\jre\bin;D:\maven\apache-maven-3.3.3\bin;d:\app\Accelerator\product\11.2.0\client_1\bin;C:\WINDOWS\system32;C:\WINDOWS;C:\WINDOWS\System32\Wbem;C:\WINDOWS\System32\WindowsPowerShell\v1.0\;C:\Program Files (x86)\Microsoft SQL Server\90\Tools\binn\;C:\Program Files\TortoiseSVN\bin;C:\Program Files (x86)\MATLAB\MATLAB Compiler Runtime\v81\runtime\win32;C:\Python27;C:\strawberry\c\bin;C:\strawberry\perl\bin;E:\MatlabR2018b\runtime\win64;E:\MatlabR2018b\bin;C:\Users\Accelerator\AppData\Local\Microsoft\WindowsApps;F:\zr\软件安装包\eclipse;" />

          <property name="basedir" value="F:\Eclispe\junit_zr" />

          <property name="ant.java.version" value="1.8" />

          <property name="ant.core.lib" value="F:\zr\软件安装包\eclipse\plugins\org.apache.ant_1.9.6.v201510161327\lib\ant.jar" />

          <property name="env.USERNAME" value="Accelerator" />

          <property name="env.SystemDrive" value="C:" />

          <property name="env.STACK_ROOT" value="C:\sr" />

          <property name="source" value="1.8" />

          <property name="file.encoding" value="GBK" />

          <property name="env.USERDOMAIN" value="DESKTOP-IP5BFIH" />

          <property name="java.specification.version" value="1.8" />

          <property name="env.ANALYSIS_PATH" value="C:\Program Files (x86)\HP\LoadRunner\" />

          <property name="env.TARGETDIR" value="C:\Program Files (x86)\HP\LoadRunner\dat\Setup\LoadRunner\MSBuild\..\..\..\.." />

          <property name="ant.project.invoked-targets" value="build,SuiteTest,junitreport" />

          <property name="env.LOG_FILE" value="C:\Users\ACCELE~1\AppData\Local\Temp\ihp_custom_batches.log" />

          <property name="env.PROCESSOR_LEVEL" value="6" />

      </properties>

      <testcase classname="calculator_zr.CalculatorTest" name="testAdd" time="0.0" />

      <testcase classname="calculator_zr.CalculatorTest" name="testSubstract" time="0.0" />

      <testcase classname="calculator_zr.CalculatorTest" name="testDivide" time="0.0" />

      <testcase classname="calculator_zr.CalculatorTest" name="testMultiply" time="0.0">
          <skipped message="Multiply() Not yet implemented" />

      </testcase>

      <testcase classname="calculator_zr.CalculatorTest" name="divideByZero" time="0.0" />

      <testcase classname="calculator_zr.CalculatorTest" name="squareRoot" time="1.006">
          <error message="test timed out after 1000 milliseconds" type="org.junit.runners.model.TestTimedOutException">org.junit.runners.model.TestTimedOutException: test timed out after 1000 milliseconds
	at calculator_zr.Calculator.squareRoot(Calculator.java:20)
	at calculator_zr.CalculatorTest.squareRoot(CalculatorTest.java:54)
	at java.util.concurrent.FutureTask.run(FutureTask.java:266)
	at java.lang.Thread.run(Thread.java:745)
</error>

      </testcase>

      <testcase classname="calculator_zr.SquareTest" name="square[0]" time="0.0" />

      <testcase classname="calculator_zr.SquareTest" name="square[1]" time="0.0" />

      <testcase classname="calculator_zr.SquareTest" name="square[2]" time="0.0" />

      <system-out><![CDATA[]]></system-out>

      <system-err><![CDATA[]]></system-err>

  </testsuite>
</testsuites>
