<?xml version="1.0" encoding="UTF-8" ?>
<testsuites>
  <testsuite errors="1" failures="0" hostname="DESKTOP-IP5BFIH" id="0" name="SuiteTest" package="calculator_zr" skipped="1" tests="9" time="1.063" timestamp="2020-08-02T08:38:28">
      <properties>
[...]
</properties>

      <testcase classname="calculator_zr.CalculatorTest" name="testAdd" time="0.0" />

      <testcase classname="calculator_zr.CalculatorTest" name="testSubstract" time="0.0" />

      <testcase classname="calculator_zr.CalculatorTest" name="testDivide" time="0.0" />

      <testcase classname="calculator_zr.CalculatorTest" name="testMultiply" time="0.0">
          <skipped message="Multiply() Not yet implemented" />

      </testcase>

      <testcase classname="calculator_zr.CalculatorTest" name="divideByZero" time="0.0" />

      <testcase classname="calculator_zr.CalculatorTest" name="squareRoot" time="1.006">
          <error message="test timed out after 1000 milliseconds" type="org.junit.runners.model.TestTimedOutException">org.junit.runners.model.TestTimedOutException: test timed out after 1000 milliseconds
	at calculator_zr.Calculator.squareRoot(Calculator.java:20)
	at calculator_zr.CalculatorTest.squareRoot(CalculatorTest.java:54)
	at java.util.concurrent.FutureTask.run(FutureTask.java:266)
	at java.lang.Thread.run(Thread.java:745)
</error>

      </testcase>

      <testcase classname="calculator_zr.SquareTest" name="square[0]" time="0.0" />

      <testcase classname="calculator_zr.SquareTest" name="square[1]" time="0.0" />

      <testcase classname="calculator_zr.SquareTest" name="square[2]" time="0.0" />

      <system-out><![CDATA[]]></system-out>

      <system-err><![CDATA[]]></system-err>

  </testsuite>
</testsuites>
